<?xml version="1.0" encoding="UTF-8"?>
<testsuite name="test.TestVariant1" tests="4" skipped="0" failures="0" errors="0" timestamp="2021-09-20T17:09:49" hostname="DESKTOP-JL6O8RJ" time="0.004">
  <properties/>
  <testcase name="minMaxTest[0](5, [I@27bbe3f7, -5)" classname="test.TestVariant1" time="0.002"/>
  <testcase name="minMaxTest[1](3, [I@4164cb32, 1)" classname="test.TestVariant1" time="0.001"/>
  <testcase name="minMaxTest[2](10, [I@7ec1f6bf, 4)" classname="test.TestVariant1" time="0.0"/>
  <testcase name="minMaxTest[3](1, [I@5bfc9601, 1)" classname="test.TestVariant1" time="0.0"/>
  <system-out><![CDATA[]]></system-out>
  <system-err><![CDATA[]]></system-err>
</testsuite>
