<?xml version="1.0" encoding="UTF-8"?>
<testsuite name="test.TestVariant1" tests="41" skipped="0" failures="0" errors="0" timestamp="2021-09-21T05:58:12" hostname="DESKTOP-JL6O8RJ" time="0.029">
  <properties/>
  <testcase name="arrayTest[0](3, 2, 1, [I@c1d5fbe)" classname="test.TestVariant1" time="0.007"/>
  <testcase name="arrayTest[1](5, 10, 2, [I@1b25cd7c)" classname="test.TestVariant1" time="0.0"/>
  <testcase name="arrayTest[2](2, 2, -2, [I@5a518204)" classname="test.TestVariant1" time="0.0"/>
  <testcase name="booleanTest[0](3, 5, false)" classname="test.TestVariant1" time="0.0"/>
  <testcase name="booleanTest[1](3, 0, true)" classname="test.TestVariant1" time="0.0"/>
  <testcase name="booleanTest[2](-3, 6, false)" classname="test.TestVariant1" time="0.0"/>
  <testcase name="forNegativeTest[0](0)" classname="test.TestVariant1" time="0.001"/>
  <testcase name="forNegativeTest[1](-1)" classname="test.TestVariant1" time="0.0"/>
  <testcase name="forNegativeTest[2](-10)" classname="test.TestVariant1" time="0.0"/>
  <testcase name="forTest[0](3, [I@773d8323)" classname="test.TestVariant1" time="0.001"/>
  <testcase name="forTest[1](7, [I@6d3b0527)" classname="test.TestVariant1" time="0.0"/>
  <testcase name="forTest[2](2, [I@6362e052)" classname="test.TestVariant1" time="0.0"/>
  <testcase name="ifTest[0](2, 3, -1, 2)" classname="test.TestVariant1" time="0.001"/>
  <testcase name="ifTest[1](-2, 0, 0, 2)" classname="test.TestVariant1" time="0.0"/>
  <testcase name="ifTest[2](-3, -3, -3, 0)" classname="test.TestVariant1" time="0.0"/>
  <testcase name="inputTest[0](100, 10, 10)" classname="test.TestVariant1" time="0.0"/>
  <testcase name="inputTest[1](47, 12, 3)" classname="test.TestVariant1" time="0.0"/>
  <testcase name="inputTest[2](139, 1, 139)" classname="test.TestVariant1" time="0.001"/>
  <testcase name="minMaxTest[0](5, [I@c176a52, -5)" classname="test.TestVariant1" time="0.0"/>
  <testcase name="minMaxTest[1](3, [I@2dd99c31, 1)" classname="test.TestVariant1" time="0.0"/>
  <testcase name="minMaxTest[2](10, [I@23abea31, 4)" classname="test.TestVariant1" time="0.0"/>
  <testcase name="minMaxTest[3](1, [I@4129fc93, 1)" classname="test.TestVariant1" time="0.0"/>
  <testcase name="negativeIntegerTest[0](-1, -3)" classname="test.TestVariant1" time="0.0"/>
  <testcase name="negativeIntegerTest[1](10, 13)" classname="test.TestVariant1" time="0.0"/>
  <testcase name="negativeIntegerTest[2](1, 0)" classname="test.TestVariant1" time="0.0"/>
  <testcase name="negativeWhileTest[0](-1)" classname="test.TestVariant1" time="0.0"/>
  <testcase name="negativeWhileTest[1](-2)" classname="test.TestVariant1" time="0.0"/>
  <testcase name="negativeWhileTest[2](0)" classname="test.TestVariant1" time="0.0"/>
  <testcase name="switchNegativeTest[0](0)" classname="test.TestVariant1" time="0.0"/>
  <testcase name="switchNegativeTest[1](-5)" classname="test.TestVariant1" time="0.0"/>
  <testcase name="switchNegativeTest[2](13)" classname="test.TestVariant1" time="0.001"/>
  <testcase name="switchTest[0](3, 31)" classname="test.TestVariant1" time="0.0"/>
  <testcase name="switchTest[1](6, 30)" classname="test.TestVariant1" time="0.0"/>
  <testcase name="switchTest[2](2, 28)" classname="test.TestVariant1" time="0.0"/>
  <testcase name="twoDimensionArrayTest[0](5, 4, [I@33beb742, [[I@3e44ca18)" classname="test.TestVariant1" time="0.0"/>
  <testcase name="twoDimensionArrayTest[1](3, 3, [I@bebc907, [[I@1448ba4e)" classname="test.TestVariant1" time="0.0"/>
  <testcase name="twoDimensionArrayTest[2](4, 5, [I@5ddcec92, [[I@39296f16)" classname="test.TestVariant1" time="0.001"/>
  <testcase name="whileTest[0](3, true)" classname="test.TestVariant1" time="0.0"/>
  <testcase name="whileTest[1](21, false)" classname="test.TestVariant1" time="0.0"/>
  <testcase name="whileTest[2](27, true)" classname="test.TestVariant1" time="0.0"/>
  <testcase name="whileTest[3](25, false)" classname="test.TestVariant1" time="0.0"/>
  <system-out><![CDATA[]]></system-out>
  <system-err><![CDATA[]]></system-err>
</testsuite>
