<?xml version="1.0" encoding="UTF-8"?>
<testsuite name="test.TestVariant1" tests="3" skipped="0" failures="0" errors="0" timestamp="2021-09-20T17:31:00" hostname="DESKTOP-JL6O8RJ" time="0.005">
  <properties/>
  <testcase name="arrayTest[0](3, 2, 1, [I@27bbe3f7)" classname="test.TestVariant1" time="0.003"/>
  <testcase name="arrayTest[1](5, 10, 2, [I@4164cb32)" classname="test.TestVariant1" time="0.0"/>
  <testcase name="arrayTest[2](2, 2, -2, [I@7ec1f6bf)" classname="test.TestVariant1" time="0.0"/>
  <system-out><![CDATA[]]></system-out>
  <system-err><![CDATA[]]></system-err>
</testsuite>
