<?xml version="1.0" encoding="UTF-8"?>
<testsuite name="test.TestVariant1" tests="3" skipped="0" failures="0" errors="0" timestamp="2021-09-20T18:06:20" hostname="DESKTOP-JL6O8RJ" time="0.004">
  <properties/>
  <testcase name="twoDimensionArrayTest[0](5, 4, [I@59d67348, [[I@2e838977)" classname="test.TestVariant1" time="0.003"/>
  <testcase name="twoDimensionArrayTest[1](3, 3, [I@6880bddc, [[I@2279cf0c)" classname="test.TestVariant1" time="0.0"/>
  <testcase name="twoDimensionArrayTest[2](4, 5, [I@6f0cde5d, [[I@74b36c04)" classname="test.TestVariant1" time="0.0"/>
  <system-out><![CDATA[]]></system-out>
  <system-err><![CDATA[]]></system-err>
</testsuite>
